六月 19, 2019 11:22:06 下午 org.apache.catalina.startup.VersionLoggerListener log
信息: Server version:        Apache Tomcat/7.0.94
六月 19, 2019 11:22:06 下午 org.apache.catalina.startup.VersionLoggerListener log
信息: Server built:          Apr 10 2019 16:56:40 UTC
六月 19, 2019 11:22:06 下午 org.apache.catalina.startup.VersionLoggerListener log
信息: Server number:         7.0.94.0
六月 19, 2019 11:22:06 下午 org.apache.catalina.startup.VersionLoggerListener log
信息: OS Name:               Windows 10
六月 19, 2019 11:22:06 下午 org.apache.catalina.startup.VersionLoggerListener log
信息: OS Version:            10.0
六月 19, 2019 11:22:06 下午 org.apache.catalina.startup.VersionLoggerListener log
信息: Architecture:          amd64
六月 19, 2019 11:22:06 下午 org.apache.catalina.startup.VersionLoggerListener log
信息: Java Home:             C:\Program Files\Java\jre1.8.0_131
六月 19, 2019 11:22:06 下午 org.apache.catalina.startup.VersionLoggerListener log
信息: JVM Version:           1.8.0_131-b11
六月 19, 2019 11:22:06 下午 org.apache.catalina.startup.VersionLoggerListener log
信息: JVM Vendor:            Oracle Corporation
六月 19, 2019 11:22:07 下午 org.apache.catalina.startup.VersionLoggerListener log
信息: CATALINA_BASE:         D:\apache-tomcat-7.0.94-windows-x64\apache-tomcat-7.0.94
六月 19, 2019 11:22:07 下午 org.apache.catalina.startup.VersionLoggerListener log
信息: CATALINA_HOME:         D:\apache-tomcat-7.0.94-windows-x64\apache-tomcat-7.0.94
六月 19, 2019 11:22:07 下午 org.apache.catalina.startup.VersionLoggerListener log
信息: Command line argument: -Djava.util.logging.config.file=D:\apache-tomcat-7.0.94-windows-x64\apache-tomcat-7.0.94\conf\logging.properties
六月 19, 2019 11:22:07 下午 org.apache.catalina.startup.VersionLoggerListener log
信息: Command line argument: -Djava.util.logging.manager=org.apache.juli.ClassLoaderLogManager
六月 19, 2019 11:22:07 下午 org.apache.catalina.startup.VersionLoggerListener log
信息: Command line argument: -Djdk.tls.ephemeralDHKeySize=2048
六月 19, 2019 11:22:07 下午 org.apache.catalina.startup.VersionLoggerListener log
信息: Command line argument: -Dignore.endorsed.dirs=
六月 19, 2019 11:22:07 下午 org.apache.catalina.startup.VersionLoggerListener log
信息: Command line argument: -Dcatalina.base=D:\apache-tomcat-7.0.94-windows-x64\apache-tomcat-7.0.94
六月 19, 2019 11:22:07 下午 org.apache.catalina.startup.VersionLoggerListener log
信息: Command line argument: -Dcatalina.home=D:\apache-tomcat-7.0.94-windows-x64\apache-tomcat-7.0.94
六月 19, 2019 11:22:07 下午 org.apache.catalina.startup.VersionLoggerListener log
信息: Command line argument: -Djava.io.tmpdir=D:\apache-tomcat-7.0.94-windows-x64\apache-tomcat-7.0.94\temp
六月 19, 2019 11:22:07 下午 org.apache.catalina.core.AprLifecycleListener lifecycleEvent
信息: Loaded APR based Apache Tomcat Native library 1.2.21 using APR version 1.6.5.
六月 19, 2019 11:22:07 下午 org.apache.catalina.core.AprLifecycleListener lifecycleEvent
信息: APR capabilities: IPv6 [true], sendfile [true], accept filters [false], random [true].
六月 19, 2019 11:22:07 下午 org.apache.catalina.core.AprLifecycleListener initializeSSL
信息: OpenSSL successfully initialized (OpenSSL 1.1.1a  20 Nov 2018)
六月 19, 2019 11:22:08 下午 org.apache.coyote.AbstractProtocol init
信息: Initializing ProtocolHandler ["http-apr-8080"]
六月 19, 2019 11:22:08 下午 org.apache.coyote.AbstractProtocol init
信息: Initializing ProtocolHandler ["ajp-apr-8009"]
六月 19, 2019 11:22:08 下午 org.apache.catalina.startup.Catalina load
信息: Initialization processed in 4559 ms
六月 19, 2019 11:22:08 下午 org.apache.catalina.core.StandardService startInternal
信息: Starting service Catalina
六月 19, 2019 11:22:08 下午 org.apache.catalina.core.StandardEngine startInternal
信息: Starting Servlet Engine: Apache Tomcat/7.0.94
六月 19, 2019 11:22:08 下午 org.apache.catalina.startup.HostConfig deployDirectory
信息: Deploying web application directory D:\apache-tomcat-7.0.94-windows-x64\apache-tomcat-7.0.94\webapps\docs
六月 19, 2019 11:22:11 下午 org.apache.catalina.util.SessionIdGeneratorBase createSecureRandom
警告: Creation of SecureRandom instance for session ID generation using [SHA1PRNG] took [1,017] milliseconds.
六月 19, 2019 11:22:11 下午 org.apache.catalina.startup.HostConfig deployDirectory
信息: Deployment of web application directory D:\apache-tomcat-7.0.94-windows-x64\apache-tomcat-7.0.94\webapps\docs has finished in 2,828 ms
六月 19, 2019 11:22:11 下午 org.apache.catalina.startup.HostConfig deployDirectory
信息: Deploying web application directory D:\apache-tomcat-7.0.94-windows-x64\apache-tomcat-7.0.94\webapps\examples
六月 19, 2019 11:22:13 下午 org.apache.catalina.startup.HostConfig deployDirectory
信息: Deployment of web application directory D:\apache-tomcat-7.0.94-windows-x64\apache-tomcat-7.0.94\webapps\examples has finished in 1,669 ms
六月 19, 2019 11:22:13 下午 org.apache.catalina.startup.HostConfig deployDirectory
信息: Deploying web application directory D:\apache-tomcat-7.0.94-windows-x64\apache-tomcat-7.0.94\webapps\host-manager
六月 19, 2019 11:22:13 下午 org.apache.catalina.startup.HostConfig deployDirectory
信息: Deployment of web application directory D:\apache-tomcat-7.0.94-windows-x64\apache-tomcat-7.0.94\webapps\host-manager has finished in 347 ms
六月 19, 2019 11:22:13 下午 org.apache.catalina.startup.HostConfig deployDirectory
信息: Deploying web application directory D:\apache-tomcat-7.0.94-windows-x64\apache-tomcat-7.0.94\webapps\manager
六月 19, 2019 11:22:13 下午 org.apache.catalina.startup.HostConfig deployDirectory
信息: Deployment of web application directory D:\apache-tomcat-7.0.94-windows-x64\apache-tomcat-7.0.94\webapps\manager has finished in 389 ms
六月 19, 2019 11:22:13 下午 org.apache.catalina.startup.HostConfig deployDirectory
信息: Deploying web application directory D:\apache-tomcat-7.0.94-windows-x64\apache-tomcat-7.0.94\webapps\ROOT
六月 19, 2019 11:22:14 下午 org.apache.catalina.startup.HostConfig deployDirectory
信息: Deployment of web application directory D:\apache-tomcat-7.0.94-windows-x64\apache-tomcat-7.0.94\webapps\ROOT has finished in 233 ms
六月 19, 2019 11:22:14 下午 org.apache.coyote.AbstractProtocol start
信息: Starting ProtocolHandler ["http-apr-8080"]
六月 19, 2019 11:22:14 下午 org.apache.coyote.AbstractProtocol start
信息: Starting ProtocolHandler ["ajp-apr-8009"]
六月 19, 2019 11:22:14 下午 org.apache.catalina.startup.Catalina start
信息: Server startup in 5932 ms
